\BOOKMARK [0][-]{chapter.1}{\376\377\236\316\146\374\146\362\227\142}{}% 1
\BOOKMARK [1][-]{section.1.1}{\376\377\236\316\146\374\146\362\227\142\166\204\133\232\116\111\000:\116\316\211\343\147\220\136\366\142\323\213\262\215\167}{chapter.1}% 2
\BOOKMARK [2][-]{subsection.1.1.1}{\376\377\211\343\147\220\137\000\142\323}{section.1.1}% 3
\BOOKMARK [2][-]{subsection.1.1.2}{\376\377\236\316\146\374\146\362\227\142}{section.1.1}% 4
\BOOKMARK [1][-]{section.1.2}{\376\377\131\015\122\006\147\220\126\336\230\176}{chapter.1}% 5
\BOOKMARK [1][-]{section.1.3}{\376\377\236\316\146\374\146\362\227\142\166\204\146\364\131\032\117\213\133\120}{chapter.1}% 6
\BOOKMARK [1][-]{section.1.4}{\376\377\122\007\124\021\221\317\116\016\121\150\176\257\122\007\116\033}{chapter.1}% 7
\BOOKMARK [0][-]{chapter.2}{\376\377\124\021\221\317\116\033\116\016\116\012\124\014\214\003}{}% 8
\BOOKMARK [1][-]{section.2.1}{\376\377\124\021\221\317\116\033}{chapter.2}% 9
\BOOKMARK [1][-]{section.2.2}{\376\377\000d\000e\000\040\000R\000h\000a\000m\116\012\124\014\214\003\124\214\000D\000o\000l\000b\000o\000u\000l\000t\116\012\124\014\214\003}{chapter.2}% 10
\BOOKMARK [1][-]{section.2.3}{\376\377\226\144\133\120\116\016\176\277\116\033}{chapter.2}% 11
\BOOKMARK [1][-]{section.2.4}{\376\377\134\102}{chapter.2}% 12
\BOOKMARK [0][-]{chapter.3}{\376\377\116\316\000R\000i\000e\000m\000a\000n\000n\000-\000R\000o\000c\000h\133\232\164\006\214\010\215\167}{}% 13
\BOOKMARK [1][-]{section.3.1}{\376\377\000R\000i\000e\000m\000a\000n\000n\000-\000R\000o\000c\000h\133\232\164\006\166\204\123\331\217\360\116\016\122\035\153\145\213\301\146\016\000\050\134\032\116\015\133\214\145\164\000\051}{chapter.3}% 14
\BOOKMARK [1][-]{section.3.2}{\376\377\000L\000a\000p\000l\000a\000c\000e\173\227\133\120\116\016\000P\000o\000i\000s\000s\000o\000n\145\271\172\013}{chapter.3}% 15
\BOOKMARK [1][-]{section.3.3}{\376\377\000B\000r\000a\000n\000c\000h\000e\000d\000\040\000C\000o\000v\000e\000r\000i\000n\000g\000\040\000M\000a\000p}{chapter.3}% 16
\BOOKMARK [1][-]{section.3.4}{\376\377\000R\000i\000e\000m\000a\000n\000n\000-\000H\000u\000r\000w\000i\000t\000z\121\154\137\017}{chapter.3}% 17
\BOOKMARK [1][-]{section.3.5}{\376\377\134\004\137\161\135\114\121\145\133\232\164\006}{chapter.3}% 18
\BOOKMARK [1][-]{section.3.6}{\376\377\211\343\145\271\172\013\000-\0001\000u\000=\000.}{chapter.3}% 19
\BOOKMARK [1][-]{section.3.7}{\376\377\123\125\120\074\123\026\133\232\164\006}{chapter.3}% 20
